<?xml version="1.0" encoding="UTF-8"?>
<testng-results skipped="0" failed="0" total="1" passed="1">
  <reporter-output>
  </reporter-output>
  <suite name="Default suite" duration-ms="25045" started-at="2013-06-06T05:42:43Z" finished-at="2013-06-06T05:43:08Z">
    <groups>
    </groups>
    <test name="Default test" duration-ms="25045" started-at="2013-06-06T05:42:43Z" finished-at="2013-06-06T05:43:08Z">
      <class name="com.oz.mail.client.test.service.RegistrationServiceTest">
        <test-method status="PASS" signature="springTestContextBeforeTestClass()[pri:0, instance:com.oz.mail.client.test.service.RegistrationServiceTest@3c01d5a0]" name="springTestContextBeforeTestClass" is-config="true" duration-ms="148" started-at="2013-06-06T00:42:43Z" finished-at="2013-06-06T00:42:43Z">
          <reporter-output>
          </reporter-output>
        </test-method> <!-- springTestContextBeforeTestClass -->
        <test-method status="PASS" signature="springTestContextPrepareTestInstance()[pri:0, instance:com.oz.mail.client.test.service.RegistrationServiceTest@3c01d5a0]" name="springTestContextPrepareTestInstance" is-config="true" duration-ms="12952" started-at="2013-06-06T00:42:43Z" depends-on-methods="org.springframework.test.context.testng.AbstractTestNGSpringContextTests.springTestContextBeforeTestClass" finished-at="2013-06-06T00:42:56Z">
          <reporter-output>
          </reporter-output>
        </test-method> <!-- springTestContextPrepareTestInstance -->
        <test-method status="PASS" signature="testSendMail()[pri:0, instance:com.oz.mail.client.test.service.RegistrationServiceTest@3c01d5a0]" name="testSendMail" duration-ms="11137" started-at="2013-06-06T00:42:56Z" finished-at="2013-06-06T00:43:07Z">
          <reporter-output>
          </reporter-output>
        </test-method> <!-- testSendMail -->
        <test-method status="PASS" signature="springTestContextBeforeTestMethod(java.lang.reflect.Method)[pri:0, instance:com.oz.mail.client.test.service.RegistrationServiceTest@3c01d5a0]" name="springTestContextBeforeTestMethod" is-config="true" duration-ms="0" started-at="2013-06-06T00:42:56Z" finished-at="2013-06-06T00:42:56Z">
          <params>
            <param index="0">
              <value>
                <![CDATA[public void com.oz.mail.client.test.service.RegistrationServiceTest.testSendMail() throws javax.mail.internet.AddressException,java.io.IOException]]>
              </value>
            </param>
          </params>
          <reporter-output>
          </reporter-output>
        </test-method> <!-- springTestContextBeforeTestMethod -->
        <test-method status="PASS" signature="springTestContextAfterTestMethod(java.lang.reflect.Method)[pri:0, instance:com.oz.mail.client.test.service.RegistrationServiceTest@3c01d5a0]" name="springTestContextAfterTestMethod" is-config="true" duration-ms="791" started-at="2013-06-06T00:43:07Z" finished-at="2013-06-06T00:43:08Z">
          <params>
            <param index="0">
              <value>
                <![CDATA[public void com.oz.mail.client.test.service.RegistrationServiceTest.testSendMail() throws javax.mail.internet.AddressException,java.io.IOException]]>
              </value>
            </param>
          </params>
          <reporter-output>
          </reporter-output>
        </test-method> <!-- springTestContextAfterTestMethod -->
        <test-method status="PASS" signature="springTestContextAfterTestClass()[pri:0, instance:com.oz.mail.client.test.service.RegistrationServiceTest@3c01d5a0]" name="springTestContextAfterTestClass" is-config="true" duration-ms="1" started-at="2013-06-06T00:43:08Z" finished-at="2013-06-06T00:43:08Z">
          <reporter-output>
          </reporter-output>
        </test-method> <!-- springTestContextAfterTestClass -->
      </class> <!-- com.oz.mail.client.test.service.RegistrationServiceTest -->
    </test> <!-- Default test -->
  </suite> <!-- Default suite -->
</testng-results>
