<?xml version="1.0" encoding="UTF-8"?>
<testng-results skipped="0" failed="0" total="1" passed="1">
  <reporter-output>
  </reporter-output>
  <suite name="Default suite" duration-ms="1674" started-at="2013-06-12T05:33:14Z" finished-at="2013-06-12T05:33:16Z">
    <groups>
    </groups>
    <test name="Default test" duration-ms="1674" started-at="2013-06-12T05:33:14Z" finished-at="2013-06-12T05:33:16Z">
      <class name="com.oz.mail.client.test.service.JasperGeneratorTest">
        <test-method status="PASS" signature="springTestContextBeforeTestClass()[pri:0, instance:com.oz.mail.client.test.service.JasperGeneratorTest@4911b910]" name="springTestContextBeforeTestClass" is-config="true" duration-ms="7" started-at="2013-06-12T00:33:14Z" finished-at="2013-06-12T00:33:14Z">
          <reporter-output>
          </reporter-output>
        </test-method> <!-- springTestContextBeforeTestClass -->
        <test-method status="PASS" signature="springTestContextPrepareTestInstance()[pri:0, instance:com.oz.mail.client.test.service.JasperGeneratorTest@4911b910]" name="springTestContextPrepareTestInstance" is-config="true" duration-ms="638" started-at="2013-06-12T00:33:14Z" depends-on-methods="org.springframework.test.context.testng.AbstractTestNGSpringContextTests.springTestContextBeforeTestClass" finished-at="2013-06-12T00:33:15Z">
          <reporter-output>
          </reporter-output>
        </test-method> <!-- springTestContextPrepareTestInstance -->
        <test-method status="PASS" signature="springTestContextBeforeTestMethod(java.lang.reflect.Method)[pri:0, instance:com.oz.mail.client.test.service.JasperGeneratorTest@4911b910]" name="springTestContextBeforeTestMethod" is-config="true" duration-ms="1" started-at="2013-06-12T00:33:15Z" finished-at="2013-06-12T00:33:15Z">
          <params>
            <param index="0">
              <value>
                <![CDATA[public void com.oz.mail.client.test.service.JasperGeneratorTest.testGenerateReportImageNoCompile() throws net.sf.jasperreports.engine.JRException,java.io.IOException]]>
              </value>
            </param>
          </params>
          <reporter-output>
          </reporter-output>
        </test-method> <!-- springTestContextBeforeTestMethod -->
        <test-method status="PASS" signature="testGenerateReportImageNoCompile()[pri:0, instance:com.oz.mail.client.test.service.JasperGeneratorTest@4911b910]" name="testGenerateReportImageNoCompile" duration-ms="1014" started-at="2013-06-12T00:33:15Z" finished-at="2013-06-12T00:33:16Z">
          <reporter-output>
          </reporter-output>
        </test-method> <!-- testGenerateReportImageNoCompile -->
        <test-method status="PASS" signature="springTestContextAfterTestMethod(java.lang.reflect.Method)[pri:0, instance:com.oz.mail.client.test.service.JasperGeneratorTest@4911b910]" name="springTestContextAfterTestMethod" is-config="true" duration-ms="1" started-at="2013-06-12T00:33:16Z" finished-at="2013-06-12T00:33:16Z">
          <params>
            <param index="0">
              <value>
                <![CDATA[public void com.oz.mail.client.test.service.JasperGeneratorTest.testGenerateReportImageNoCompile() throws net.sf.jasperreports.engine.JRException,java.io.IOException]]>
              </value>
            </param>
          </params>
          <reporter-output>
          </reporter-output>
        </test-method> <!-- springTestContextAfterTestMethod -->
        <test-method status="PASS" signature="springTestContextAfterTestClass()[pri:0, instance:com.oz.mail.client.test.service.JasperGeneratorTest@4911b910]" name="springTestContextAfterTestClass" is-config="true" duration-ms="0" started-at="2013-06-12T00:33:16Z" finished-at="2013-06-12T00:33:16Z">
          <reporter-output>
          </reporter-output>
        </test-method> <!-- springTestContextAfterTestClass -->
      </class> <!-- com.oz.mail.client.test.service.JasperGeneratorTest -->
    </test> <!-- Default test -->
  </suite> <!-- Default suite -->
</testng-results>
